<?xml version="1.0" encoding="UTF-8"?>
<!-- Generated by org.testng.reporters.JUnitXMLReporter -->
<testsuite ignored="0" hostname="Jitendrasingh" failures="0" tests="3" name="Default test" time="72.219" errors="0" timestamp="2022-04-14T15:40:21 IST">
  <testcase classname="pack1.testwindow" name="executSessionOne" time="17.486"/>
  <testcase classname="pack1.testwindow" name="executSessionThree" time="16.932"/>
  <testcase classname="pack1.testwindow" name="executeSessionTwo" time="37.724"/>
</testsuite> <!-- Default test -->
