<?xml version="1.0" encoding="UTF-8"?>
<!-- Generated by org.testng.reporters.JUnitXMLReporter -->
<testsuite hostname="DESKTOP-NJ9D9LR" ignored="0" name="Test1" tests="1" failures="1" timestamp="2022-01-19T00:30:44 IST" time="10.105" errors="0">
  <testcase name="LandingPage" time="8.532" classname="EndToEnd.LoginPage">
    <failure type="junit.framework.ComparisonFailure" message="expected:&amp;lt;...11&amp;gt; but was:&amp;lt;...&amp;gt;">
      <![CDATA[junit.framework.ComparisonFailure: expected:<...11> but was:<...>
at junit.framework.Assert.assertEquals(Assert.java:81)
at junit.framework.Assert.assertEquals(Assert.java:87)
at EndToEnd.LoginPage.LandingPage(LoginPage.java:29)
at java.util.ArrayList.forEach(ArrayList.java:1249)
at java.util.concurrent.FutureTask.run(FutureTask.java:266)
at java.util.concurrent.ThreadPoolExecutor.runWorker(ThreadPoolExecutor.java:1142)
at java.util.concurrent.ThreadPoolExecutor$Worker.run(ThreadPoolExecutor.java:617)
at java.lang.Thread.run(Thread.java:745)
... Removed 18 stack frames]]>
    </failure>
  </testcase> <!-- LandingPage -->
</testsuite> <!-- Test1 -->
