<?xml version="1.0" encoding="UTF-8"?>
<testng-results skipped="0" failed="1" ignored="1" total="13" passed="11">
  <reporter-output>
  </reporter-output>
  <suite name="Suite" duration-ms="205" started-at="2020-01-06T01:50:58 IST" finished-at="2020-01-06T01:50:58 IST">
    <groups>
      <group name="Smoke">
        <method signature="testng2.Demo3()[pri:0, instance:testpkg.testng2@4e9ba398]" name="Demo3" class="testpkg.testng2"/>
        <method signature="testng2.Demo5()[pri:0, instance:testpkg.testng2@4e9ba398]" name="Demo5" class="testpkg.testng2"/>
        <method signature="testng1.Demo1()[pri:0, instance:testpkg.testng1@2286778]" name="Demo1" class="testpkg.testng1"/>
      </group> <!-- Smoke -->
    </groups>
    <test name="Test" duration-ms="112" started-at="2020-01-06T01:50:58 IST" finished-at="2020-01-06T01:50:58 IST">
      <class name="testpkg.testng1">
        <test-method status="PASS" signature="Demo0()[pri:0, instance:testpkg.testng1@2286778]" name="Demo0" duration-ms="8" started-at="2020-01-06T01:50:58 IST" finished-at="2020-01-06T01:50:58 IST">
          <reporter-output>
          </reporter-output>
        </test-method> <!-- Demo0 -->
        <test-method status="PASS" signature="Demo2(java.lang.String)[pri:0, instance:testpkg.testng1@2286778]" name="Demo2" duration-ms="4" started-at="2020-01-06T01:50:58 IST" finished-at="2020-01-06T01:50:58 IST">
          <params>
            <param index="0">
              <value>
                <![CDATA[qaclickacademy.com]]>
              </value>
            </param>
          </params>
          <reporter-output>
          </reporter-output>
        </test-method> <!-- Demo2 -->
        <test-method status="PASS" signature="timeOut()[pri:0, instance:testpkg.testng1@2286778]" name="timeOut" duration-ms="10" started-at="2020-01-06T01:50:58 IST" finished-at="2020-01-06T01:50:58 IST">
          <reporter-output>
          </reporter-output>
        </test-method> <!-- timeOut -->
        <test-method status="PASS" signature="Demo1()[pri:0, instance:testpkg.testng1@2286778]" name="Demo1" duration-ms="14" started-at="2020-01-06T01:50:58 IST" finished-at="2020-01-06T01:50:58 IST">
          <reporter-output>
          </reporter-output>
        </test-method> <!-- Demo1 -->
        <test-method status="PASS" signature="Alpha()[pri:0, instance:testpkg.testng1@2286778]" name="Alpha" duration-ms="3" started-at="2020-01-06T01:50:58 IST" depends-on-methods="testpkg.testng1.Demo0, testpkg.testng1.Demo2" finished-at="2020-01-06T01:50:58 IST">
          <reporter-output>
          </reporter-output>
        </test-method> <!-- Alpha -->
        <test-method status="PASS" signature="Demo()[pri:0, instance:testpkg.testng1@2286778]" name="Demo" is-config="true" duration-ms="0" started-at="2020-01-06T01:50:58 IST" finished-at="2020-01-06T01:50:58 IST">
          <reporter-output>
          </reporter-output>
        </test-method> <!-- Demo -->
      </class> <!-- testpkg.testng1 -->
      <class name="testpkg.testng2">
        <test-method status="PASS" signature="Demo3()[pri:0, instance:testpkg.testng2@4e9ba398]" name="Demo3" duration-ms="2" started-at="2020-01-06T01:50:58 IST" finished-at="2020-01-06T01:50:58 IST">
          <reporter-output>
          </reporter-output>
        </test-method> <!-- Demo3 -->
        <test-method status="PASS" signature="Demo5()[pri:0, instance:testpkg.testng2@4e9ba398]" name="Demo5" duration-ms="2" started-at="2020-01-06T01:50:58 IST" finished-at="2020-01-06T01:50:58 IST">
          <reporter-output>
          </reporter-output>
        </test-method> <!-- Demo5 -->
        <test-method status="PASS" signature="Demo6(java.lang.String, java.lang.String)[pri:0, instance:testpkg.testng2@4e9ba398]" name="Demo6" duration-ms="1" started-at="2020-01-06T01:50:58 IST" finished-at="2020-01-06T01:50:58 IST">
          <params>
            <param index="0">
              <value>
                <![CDATA[qaclickacademy.com]]>
              </value>
            </param>
            <param index="1">
              <value>
                <![CDATA[API123456]]>
              </value>
            </param>
          </params>
          <reporter-output>
          </reporter-output>
        </test-method> <!-- Demo6 -->
      </class> <!-- testpkg.testng2 -->
    </test> <!-- Test -->
    <test name="Test2" duration-ms="35" started-at="2020-01-06T01:50:58 IST" finished-at="2020-01-06T01:50:58 IST">
      <class name="testpkg.testng3">
        <test-method status="PASS" signature="demo()[pri:0, instance:testpkg.testng3@43814d18]" name="demo" is-config="true" duration-ms="12" started-at="2020-01-06T01:50:58 IST" finished-at="2020-01-06T01:50:58 IST">
          <reporter-output>
          </reporter-output>
        </test-method> <!-- demo -->
        <test-method status="FAIL" signature="failMethod()[pri:0, instance:testpkg.testng3@43814d18]" name="failMethod" duration-ms="5" started-at="2020-01-06T01:50:58 IST" finished-at="2020-01-06T01:50:58 IST">
          <exception class="java.lang.AssertionError">
            <message>
              <![CDATA[did not expect to find [true] but found [false]]]>
            </message>
            <full-stacktrace>
              <![CDATA[java.lang.AssertionError: did not expect to find [true] but found [false]
at org.testng.Assert.fail(Assert.java:97)
at org.testng.Assert.failNotEquals(Assert.java:969)
at org.testng.Assert.assertTrue(Assert.java:43)
at org.testng.Assert.assertTrue(Assert.java:53)
at testpkg.testng3.failMethod(testng3.java:19)
at sun.reflect.NativeMethodAccessorImpl.invoke0(Native Method)
at sun.reflect.NativeMethodAccessorImpl.invoke(NativeMethodAccessorImpl.java:62)
at sun.reflect.DelegatingMethodAccessorImpl.invoke(DelegatingMethodAccessorImpl.java:43)
at java.lang.reflect.Method.invoke(Method.java:498)
at org.testng.internal.MethodInvocationHelper.invokeMethod(MethodInvocationHelper.java:133)
at org.testng.internal.TestInvoker.invokeMethod(TestInvoker.java:584)
at org.testng.internal.TestInvoker.invokeTestMethod(TestInvoker.java:172)
at org.testng.internal.MethodRunner.runInSequence(MethodRunner.java:46)
at org.testng.internal.TestInvoker$MethodInvocationAgent.invoke(TestInvoker.java:804)
at org.testng.internal.TestInvoker.invokeTestMethods(TestInvoker.java:145)
at org.testng.internal.TestMethodWorker.invokeTestMethods(TestMethodWorker.java:146)
at org.testng.internal.TestMethodWorker.run(TestMethodWorker.java:128)
at java.util.ArrayList.forEach(ArrayList.java:1257)
at org.testng.TestRunner.privateRun(TestRunner.java:770)
at org.testng.TestRunner.run(TestRunner.java:591)
at org.testng.SuiteRunner.runTest(SuiteRunner.java:402)
at org.testng.SuiteRunner.runSequentially(SuiteRunner.java:396)
at org.testng.SuiteRunner.privateRun(SuiteRunner.java:355)
at org.testng.SuiteRunner.run(SuiteRunner.java:304)
at org.testng.SuiteRunnerWorker.runSuite(SuiteRunnerWorker.java:53)
at org.testng.SuiteRunnerWorker.run(SuiteRunnerWorker.java:96)
at org.testng.TestNG.runSuitesSequentially(TestNG.java:1180)
at org.testng.TestNG.runSuitesLocally(TestNG.java:1102)
at org.testng.TestNG.runSuites(TestNG.java:1032)
at org.testng.TestNG.run(TestNG.java:1000)
at org.testng.remote.AbstractRemoteTestNG.run(AbstractRemoteTestNG.java:115)
at org.testng.remote.RemoteTestNG.initAndRun(RemoteTestNG.java:251)
at org.testng.remote.RemoteTestNG.main(RemoteTestNG.java:77)
]]>
            </full-stacktrace>
          </exception> <!-- java.lang.AssertionError -->
          <reporter-output>
          </reporter-output>
        </test-method> <!-- failMethod -->
        <test-method status="PASS" signature="mobileSignIn(java.lang.String, java.lang.String)[pri:0, instance:testpkg.testng3@43814d18]" name="mobileSignIn" duration-ms="2" started-at="2020-01-06T01:50:58 IST" data-provider="getData" finished-at="2020-01-06T01:50:58 IST">
          <params>
            <param index="0">
              <value>
                <![CDATA[username1]]>
              </value>
            </param>
            <param index="1">
              <value>
                <![CDATA[password1]]>
              </value>
            </param>
          </params>
          <reporter-output>
          </reporter-output>
        </test-method> <!-- mobileSignIn -->
        <test-method status="PASS" signature="mobileSignIn(java.lang.String, java.lang.String)[pri:0, instance:testpkg.testng3@43814d18]" name="mobileSignIn" duration-ms="1" started-at="2020-01-06T01:50:58 IST" data-provider="getData" finished-at="2020-01-06T01:50:58 IST">
          <params>
            <param index="0">
              <value>
                <![CDATA[username2]]>
              </value>
            </param>
            <param index="1">
              <value>
                <![CDATA[password2]]>
              </value>
            </param>
          </params>
          <reporter-output>
          </reporter-output>
        </test-method> <!-- mobileSignIn -->
        <test-method status="PASS" signature="mobileSignIn(java.lang.String, java.lang.String)[pri:0, instance:testpkg.testng3@43814d18]" name="mobileSignIn" duration-ms="3" started-at="2020-01-06T01:50:58 IST" data-provider="getData" finished-at="2020-01-06T01:50:58 IST">
          <params>
            <param index="0">
              <value>
                <![CDATA[username3]]>
              </value>
            </param>
            <param index="1">
              <value>
                <![CDATA[password3]]>
              </value>
            </param>
          </params>
          <reporter-output>
          </reporter-output>
        </test-method> <!-- mobileSignIn -->
      </class> <!-- testpkg.testng3 -->
      <class name="testpkg.testng2">
        <test-method status="PASS" signature="Demo4()[pri:0, instance:testpkg.testng2@4e9ba398]" name="Demo4" is-config="true" duration-ms="1" started-at="2020-01-06T01:50:58 IST" finished-at="2020-01-06T01:50:58 IST">
          <reporter-output>
          </reporter-output>
        </test-method> <!-- Demo4 -->
      </class> <!-- testpkg.testng2 -->
    </test> <!-- Test2 -->
  </suite> <!-- Suite -->
</testng-results>
