<?xml version="1.0" encoding="UTF-8"?>
<testng-results ignored="0" total="4" passed="4" failed="0" skipped="0">
  <reporter-output>
  </reporter-output>
  <suite started-at="2024-08-29T19:01:57 BST" name="Default suite" finished-at="2024-08-29T19:02:30 BST" duration-ms="33000">
    <groups>
    </groups>
    <test started-at="2024-08-29T19:01:57 BST" name="Default test" finished-at="2024-08-29T19:02:30 BST" duration-ms="33000">
      <class name="com.SurplusGyTestCases.testclassAll2Run">
        <test-method is-config="true" signature="launchApplication()[pri:0, instance:com.SurplusGyTestCases.testclassAll2Run@2a693f59]" started-at="2024-08-29T19:01:45 BST" name="launchApplication" finished-at="2024-08-29T19:01:57 BST" duration-ms="11565" status="PASS">
          <reporter-output>
          </reporter-output>
        </test-method> <!-- launchApplication -->
        <test-method signature="signIn(java.lang.String,java.lang.String)[pri:1, instance:com.SurplusGyTestCases.testclassAll2Run@2a693f59]" started-at="2024-08-29T19:01:57 BST" name="signIn" data-provider="getData" finished-at="2024-08-29T19:02:02 BST" duration-ms="5068" status="PASS">
          <params>
            <param index="0">
              <value>
                <![CDATA[lucy.chentest@yopmail.com]]>
              </value>
            </param>
            <param index="1">
              <value>
                <![CDATA[Dots@123]]>
              </value>
            </param>
          </params>
          <reporter-output>
          </reporter-output>
        </test-method> <!-- signIn -->
        <test-method signature="searchItemInSearchBar()[pri:2, instance:com.SurplusGyTestCases.testclassAll2Run@2a693f59]" started-at="2024-08-29T19:02:02 BST" name="searchItemInSearchBar" finished-at="2024-08-29T19:02:10 BST" depends-on-methods="com.SurplusGyTestCases.testclassAll2Run.signIn" duration-ms="8130" status="PASS">
          <reporter-output>
          </reporter-output>
        </test-method> <!-- searchItemInSearchBar -->
        <test-method signature="addToCart()[pri:3, instance:com.SurplusGyTestCases.testclassAll2Run@2a693f59]" started-at="2024-08-29T19:02:10 BST" name="addToCart" finished-at="2024-08-29T19:02:16 BST" depends-on-methods="com.SurplusGyTestCases.testclassAll2Run.signIn" duration-ms="6159" status="PASS">
          <reporter-output>
          </reporter-output>
        </test-method> <!-- addToCart -->
        <test-method signature="addCartIconClick()[pri:4, instance:com.SurplusGyTestCases.testclassAll2Run@2a693f59]" started-at="2024-08-29T19:02:16 BST" name="addCartIconClick" finished-at="2024-08-29T19:02:30 BST" depends-on-methods="com.SurplusGyTestCases.testclassAll2Run.signIn" duration-ms="13504" status="PASS">
          <reporter-output>
          </reporter-output>
        </test-method> <!-- addCartIconClick -->
      </class> <!-- com.SurplusGyTestCases.testclassAll2Run -->
    </test> <!-- Default test -->
  </suite> <!-- Default suite -->
</testng-results>
