<?xml version="1.0" encoding="UTF-8"?>
<testng-results ignored="0" total="5" passed="5" failed="0" skipped="0">
  <reporter-output>
  </reporter-output>
  <suite started-at="2025-02-24T16:22:21 IST" name="Suite" finished-at="2025-02-24T16:22:54 IST" duration-ms="33311">
    <groups>
    </groups>
    <test started-at="2025-02-24T16:22:21 IST" name="Test" finished-at="2025-02-24T16:22:54 IST" duration-ms="33311">
      <class name="com.SurplusGyTestCases.testclassAll2Run">
        <test-method is-config="true" signature="launchApplication()[pri:0, instance:com.SurplusGyTestCases.testclassAll2Run@6d1ef78d]" started-at="2025-02-24T16:22:12 IST" name="launchApplication" finished-at="2025-02-24T16:22:21 IST" duration-ms="8883" status="PASS">
          <reporter-output>
          </reporter-output>
        </test-method> <!-- launchApplication -->
        <test-method signature="signIn(java.lang.String,java.lang.String)[pri:1, instance:com.SurplusGyTestCases.testclassAll2Run@6d1ef78d]" started-at="2025-02-24T16:22:21 IST" name="signIn" data-provider="getData" finished-at="2025-02-24T16:22:25 IST" duration-ms="4186" status="PASS">
          <params>
            <param index="0">
              <value>
                <![CDATA[lucy.chentest@yopmail.com]]>
              </value>
            </param>
            <param index="1">
              <value>
                <![CDATA[Dots@123]]>
              </value>
            </param>
          </params>
          <reporter-output>
          </reporter-output>
        </test-method> <!-- signIn -->
        <test-method signature="searchItemInSearchBar()[pri:2, instance:com.SurplusGyTestCases.testclassAll2Run@6d1ef78d]" started-at="2025-02-24T16:22:25 IST" name="searchItemInSearchBar" finished-at="2025-02-24T16:22:35 IST" depends-on-methods="com.SurplusGyTestCases.testclassAll2Run.signIn" duration-ms="9702" status="PASS">
          <reporter-output>
          </reporter-output>
        </test-method> <!-- searchItemInSearchBar -->
        <test-method signature="addToCart()[pri:3, instance:com.SurplusGyTestCases.testclassAll2Run@6d1ef78d]" started-at="2025-02-24T16:22:35 IST" name="addToCart" finished-at="2025-02-24T16:22:40 IST" depends-on-methods="com.SurplusGyTestCases.testclassAll2Run.signIn" duration-ms="4976" status="PASS">
          <reporter-output>
          </reporter-output>
        </test-method> <!-- addToCart -->
        <test-method signature="addCartIconClick()[pri:4, instance:com.SurplusGyTestCases.testclassAll2Run@6d1ef78d]" started-at="2025-02-24T16:22:40 IST" name="addCartIconClick" finished-at="2025-02-24T16:22:52 IST" depends-on-methods="com.SurplusGyTestCases.testclassAll2Run.signIn" duration-ms="12833" status="PASS">
          <reporter-output>
          </reporter-output>
        </test-method> <!-- addCartIconClick -->
        <test-method signature="checkoutPage()[pri:5, instance:com.SurplusGyTestCases.testclassAll2Run@6d1ef78d]" started-at="2025-02-24T16:22:52 IST" name="checkoutPage" finished-at="2025-02-24T16:22:54 IST" depends-on-methods="com.SurplusGyTestCases.testclassAll2Run.signIn" duration-ms="1474" status="PASS">
          <reporter-output>
          </reporter-output>
        </test-method> <!-- checkoutPage -->
      </class> <!-- com.SurplusGyTestCases.testclassAll2Run -->
    </test> <!-- Test -->
  </suite> <!-- Suite -->
</testng-results>
