<?xml version="1.0" encoding="UTF-8"?>
<!-- Generated by org.testng.reporters.JUnitXMLReporter -->
<testsuite hostname="DESKTOP-NJ9D9LR" ignored="1" name="Default test" tests="5" failures="0" timestamp="2019-12-27T01:14:05 IST" time="0.211" errors="0">
  <testcase name="Demo0" time="0.018" classname="testpkg.testng1"/>
  <testcase name="Demo2" time="0.001" classname="testpkg.testng1"/>
  <testcase name="timeOut" time="0.102" classname="testpkg.testng1"/>
  <testcase name="Demo1" time="0.007" classname="testpkg.testng1"/>
  <testcase name="Alpha" time="0.005" classname="testpkg.testng1"/>
  <testcase name="Bug" time="0.0" classname="testpkg.testng1">
    <ignored/>
  </testcase> <!-- Bug -->
</testsuite> <!-- Default test -->
