<?xml version="1.0" encoding="UTF-8"?>
<testsuite xmlns:xsi="http://www.w3.org/2001/XMLSchema-instance" xsi:noNamespaceSchemaLocation="https://maven.apache.org/surefire/maven-surefire-plugin/xsd/surefire-test-report-3.0.xsd" version="3.0" name="TestSuite" time="26.553" tests="2" errors="0" skipped="0" failures="0">
  <properties>
[...]
</properties>
  <testcase name="submitOrder[pratishtha@mailinator.com, Welcome@123, ADIDAS ORIGINAL](1)" classname="com.MavenPractice.SubmitOrderTest" time="7.128">
    <system-out><![CDATA[Expected URL is matched with actual URL
Item added to cart
]]></system-out>
    <system-err><![CDATA[SLF4J: Failed to load class "org.slf4j.impl.StaticLoggerBinder".
SLF4J: Defaulting to no-operation (NOP) logger implementation
SLF4J: See http://www.slf4j.org/codes.html#StaticLoggerBinder for further details.
]]></system-err>
  </testcase>
  <testcase name="orderHistory[pratishtha@mailinator.com, Welcome@123, ADIDAS ORIGINAL](1)" classname="com.MavenPractice.SubmitOrderTest" time="0.29">
    <system-out><![CDATA[Item in order history matched
]]></system-out>
  </testcase>
</testsuite>