<?xml version="1.0" encoding="UTF-8"?>
<!-- Generated by org.testng.reporters.JUnitXMLReporter -->
<testsuite ignored="0" hostname="Pratisthasharma" failures="0" tests="5" name="Test" time="33.311" errors="0" timestamp="2025-02-24T16:22:55 IST">
  <testcase classname="com.SurplusGyTestCases.testclassAll2Run" name="signIn" time="4.186"/>
  <testcase classname="com.SurplusGyTestCases.testclassAll2Run" name="searchItemInSearchBar" time="9.702"/>
  <testcase classname="com.SurplusGyTestCases.testclassAll2Run" name="addToCart" time="4.976"/>
  <testcase classname="com.SurplusGyTestCases.testclassAll2Run" name="addCartIconClick" time="12.833"/>
  <testcase classname="com.SurplusGyTestCases.testclassAll2Run" name="checkoutPage" time="1.474"/>
</testsuite> <!-- Test -->
