<?xml version="1.0" encoding="UTF-8"?>
<testng-results ignored="0" total="3" passed="3" failed="0" skipped="0">
  <reporter-output>
  </reporter-output>
  <suite started-at="2022-04-14T15:39:08 IST" name="Default suite" finished-at="2022-04-14T15:40:20 IST" duration-ms="72219">
    <groups>
    </groups>
    <test started-at="2022-04-14T15:39:08 IST" name="Default test" finished-at="2022-04-14T15:40:20 IST" duration-ms="72219">
      <class name="pack1.testwindow">
        <test-method signature="executSessionOne()[pri:0, instance:pack1.testwindow@505fc5a4]" started-at="2022-04-14T15:39:08 IST" name="executSessionOne" finished-at="2022-04-14T15:39:25 IST" duration-ms="17486" status="PASS">
          <reporter-output>
          </reporter-output>
        </test-method> <!-- executSessionOne -->
        <test-method signature="executSessionThree()[pri:0, instance:pack1.testwindow@505fc5a4]" started-at="2022-04-14T15:39:25 IST" name="executSessionThree" finished-at="2022-04-14T15:39:42 IST" duration-ms="16932" status="PASS">
          <reporter-output>
          </reporter-output>
        </test-method> <!-- executSessionThree -->
        <test-method signature="executeSessionTwo()[pri:0, instance:pack1.testwindow@505fc5a4]" started-at="2022-04-14T15:39:42 IST" name="executeSessionTwo" finished-at="2022-04-14T15:40:20 IST" duration-ms="37724" status="PASS">
          <reporter-output>
          </reporter-output>
        </test-method> <!-- executeSessionTwo -->
      </class> <!-- pack1.testwindow -->
    </test> <!-- Default test -->
  </suite> <!-- Default suite -->
</testng-results>
