<?xml version="1.0" encoding="UTF-8"?>
<testng-results ignored="0" total="2" passed="2" failed="0" skipped="0">
  <reporter-output>
  </reporter-output>
  <suite started-at="2024-01-15T13:22:35 GMT" name="Suite" finished-at="2024-01-15T13:22:43 GMT" duration-ms="7925">
    <groups>
      <group name="submitOrder">
        <method signature="SubmitOrderTest.submitOrder(java.lang.String,java.lang.String,java.lang.String)[pri:0, instance:com.MavenPractice.SubmitOrderTest@1608bcbd]" name="submitOrder" class="com.MavenPractice.SubmitOrderTest"/>
        <method signature="SubmitOrderTest.orderHistory(java.lang.String,java.lang.String,java.lang.String)[pri:0, instance:com.MavenPractice.SubmitOrderTest@1608bcbd]" name="orderHistory" class="com.MavenPractice.SubmitOrderTest"/>
      </group> <!-- submitOrder -->
    </groups>
    <test started-at="2024-01-15T13:22:35 GMT" name="Submit Order TestCase" finished-at="2024-01-15T13:22:43 GMT" duration-ms="7925">
      <class name="com.MavenPractice.SubmitOrderTest">
        <test-method is-config="true" signature="launchWebSite()[pri:0, instance:com.MavenPractice.SubmitOrderTest@1608bcbd]" started-at="2024-01-15T13:22:20 GMT" name="launchWebSite" finished-at="2024-01-15T13:22:35 GMT" duration-ms="15295" status="PASS">
          <reporter-output>
          </reporter-output>
        </test-method> <!-- launchWebSite -->
        <test-method signature="submitOrder(java.lang.String,java.lang.String,java.lang.String)[pri:0, instance:com.MavenPractice.SubmitOrderTest@1608bcbd]" started-at="2024-01-15T13:22:36 GMT" name="submitOrder" data-provider="getData" finished-at="2024-01-15T13:22:43 GMT" duration-ms="7108" status="PASS">
          <params>
            <param index="0">
              <value>
                <![CDATA[pratishtha@mailinator.com]]>
              </value>
            </param>
            <param index="1">
              <value>
                <![CDATA[Welcome@123]]>
              </value>
            </param>
            <param index="2">
              <value>
                <![CDATA[ADIDAS ORIGINAL]]>
              </value>
            </param>
          </params>
          <reporter-output>
          </reporter-output>
        </test-method> <!-- submitOrder -->
        <test-method signature="orderHistory(java.lang.String,java.lang.String,java.lang.String)[pri:0, instance:com.MavenPractice.SubmitOrderTest@1608bcbd]" started-at="2024-01-15T13:22:43 GMT" name="orderHistory" data-provider="getData" finished-at="2024-01-15T13:22:43 GMT" depends-on-methods="com.MavenPractice.SubmitOrderTest.submitOrder" duration-ms="267" status="PASS">
          <params>
            <param index="0">
              <value>
                <![CDATA[pratishtha@mailinator.com]]>
              </value>
            </param>
            <param index="1">
              <value>
                <![CDATA[Welcome@123]]>
              </value>
            </param>
            <param index="2">
              <value>
                <![CDATA[ADIDAS ORIGINAL]]>
              </value>
            </param>
          </params>
          <reporter-output>
          </reporter-output>
        </test-method> <!-- orderHistory -->
      </class> <!-- com.MavenPractice.SubmitOrderTest -->
    </test> <!-- Submit Order TestCase -->
  </suite> <!-- Suite -->
</testng-results>
