<?xml version="1.0" encoding="UTF-8"?>
<testng-results skipped="0" failed="0" total="1" passed="1">
  <reporter-output>
  </reporter-output>
  <suite name="Default suite" duration-ms="20553" started-at="2021-09-30T18:24:06Z" finished-at="2021-09-30T18:24:27Z">
    <groups>
    </groups>
    <test name="Default test" duration-ms="20553" started-at="2021-09-30T18:24:06Z" finished-at="2021-09-30T18:24:27Z">
      <class name="addToCart2">
        <test-method status="PASS" signature="browser()[pri:0, instance:addToCart2@1593948d]" name="browser" is-config="true" duration-ms="3680" started-at="2021-09-30T23:54:06Z" finished-at="2021-09-30T23:54:10Z">
          <reporter-output>
          </reporter-output>
        </test-method> <!-- browser -->
        <test-method status="PASS" signature="addCart()[pri:0, instance:addToCart2@1593948d]" name="addCart" duration-ms="16832" started-at="2021-09-30T23:54:10Z" finished-at="2021-09-30T23:54:27Z">
          <reporter-output>
          </reporter-output>
        </test-method> <!-- addCart -->
      </class> <!-- addToCart2 -->
    </test> <!-- Default test -->
  </suite> <!-- Default suite -->
</testng-results>
