<?xml version="1.0" encoding="UTF-8"?>
<testng-results ignored="0" total="1" passed="1" failed="0" skipped="0">
  <reporter-output>
  </reporter-output>
  <suite started-at="2022-02-09T19:27:22 IST" name="Default suite" finished-at="2022-02-09T19:27:42 IST" duration-ms="20379">
    <groups>
    </groups>
    <test started-at="2022-02-09T19:27:22 IST" name="Default test" finished-at="2022-02-09T19:27:42 IST" duration-ms="20379">
      <class name="fileupload.file_Upload">
        <test-method is-config="true" signature="openBrowser()[pri:0, instance:fileupload.file_Upload@4de4b452]" started-at="2022-02-09T19:27:22 IST" name="openBrowser" finished-at="2022-02-09T19:27:27 IST" duration-ms="5060" status="PASS">
          <reporter-output>
          </reporter-output>
        </test-method> <!-- openBrowser -->
        <test-method signature="uploadFile()[pri:0, instance:fileupload.file_Upload@4de4b452]" started-at="2022-02-09T19:27:27 IST" name="uploadFile" finished-at="2022-02-09T19:27:42 IST" duration-ms="15252" status="PASS">
          <reporter-output>
          </reporter-output>
        </test-method> <!-- uploadFile -->
      </class> <!-- fileupload.file_Upload -->
    </test> <!-- Default test -->
  </suite> <!-- Default suite -->
</testng-results>
