<?xml version="1.0" encoding="UTF-8"?>
<testng-results ignored="0" total="1" passed="1" failed="0" skipped="0">
  <reporter-output>
  </reporter-output>
  <suite started-at="2022-11-22T14:42:26 CET" name="Default suite" finished-at="2022-11-22T14:42:27 CET" duration-ms="1624">
    <groups>
    </groups>
    <test started-at="2022-11-22T14:42:26 CET" name="Default test" finished-at="2022-11-22T14:42:27 CET" duration-ms="1624">
      <class name="StoredProcedureTesting.SPTesting">
        <test-method is-config="true" signature="setup()[pri:0, instance:StoredProcedureTesting.SPTesting@6bedbc4d]" started-at="2022-11-22T14:42:26 CET" name="setup" finished-at="2022-11-22T14:42:27 CET" duration-ms="1462" status="PASS">
          <reporter-output>
          </reporter-output>
        </test-method> <!-- setup -->
        <test-method signature="test_get_order_by_cust()[pri:5, instance:StoredProcedureTesting.SPTesting@6bedbc4d]" started-at="2022-11-22T14:42:27 CET" name="test_get_order_by_cust" finished-at="2022-11-22T14:42:27 CET" duration-ms="106" status="PASS">
          <reporter-output>
          </reporter-output>
        </test-method> <!-- test_get_order_by_cust -->
        <test-method is-config="true" signature="tearDown()[pri:0, instance:StoredProcedureTesting.SPTesting@6bedbc4d]" started-at="2022-11-22T14:42:27 CET" name="tearDown" finished-at="2022-11-22T14:42:27 CET" duration-ms="4" status="PASS">
          <reporter-output>
          </reporter-output>
        </test-method> <!-- tearDown -->
      </class> <!-- StoredProcedureTesting.SPTesting -->
    </test> <!-- Default test -->
  </suite> <!-- Default suite -->
</testng-results>
