<?xml version="1.0" encoding="UTF-8"?>
<!-- Generated by org.testng.reporters.JUnitXMLReporter -->
<testsuite ignored="1" hostname="Pratisthasharma" failures="1" tests="1" name="Test" time="6.058" errors="0" timestamp="2024-01-07T22:22:38 IST">
  <testcase classname="com.MavenPractice.ErrorValidation" name="submitOrder" time="5.264">
    <failure type="java.lang.NullPointerException" message="Cannot invoke &amp;quot;org.openqa.selenium.WebElement.findElement(org.openqa.selenium.By)&amp;quot; because &amp;quot;prod1&amp;quot; is null">
      <![CDATA[java.lang.NullPointerException: Cannot invoke "org.openqa.selenium.WebElement.findElement(org.openqa.selenium.By)" because "prod1" is null
at Ecomm.pageObjects.ProductCatalogPage.addProductToCart(ProductCatalogPage.java:58)
at com.MavenPractice.ErrorValidation.submitOrder(ErrorValidation.java:28)
at java.base/java.util.ArrayList.forEach(ArrayList.java:1511)
... Removed 27 stack frames]]>
    </failure>
  </testcase> <!-- submitOrder -->
  <testcase classname="com.TestComponents.baseClass" name="@BeforeSuite launchWebSite" time="0.0">
    <ignored/>
  </testcase> <!-- @BeforeSuite launchWebSite -->
</testsuite> <!-- Test -->
