<?xml version="1.0" encoding="UTF-8"?>
<testng-results ignored="0" total="1" passed="1" failed="0" skipped="0">
  <reporter-output>
  </reporter-output>
  <suite started-at="2023-07-12T12:23:52 CEST" name="Default suite" finished-at="2023-07-12T12:24:45 CEST" duration-ms="52723">
    <groups>
    </groups>
    <test started-at="2023-07-12T12:23:52 CEST" name="Default test" finished-at="2023-07-12T12:24:45 CEST" duration-ms="52723">
      <class name="Actions.Class.testAmericanGolf">
        <test-method is-config="true" signature="launch()[pri:0, instance:Actions.Class.testAmericanGolf@bd4dc25]" started-at="2023-07-12T12:23:52 CEST" name="launch" finished-at="2023-07-12T12:23:56 CEST" duration-ms="4491" status="PASS">
          <reporter-output>
          </reporter-output>
        </test-method> <!-- launch -->
        <test-method signature="americanGolf()[pri:0, instance:Actions.Class.testAmericanGolf@bd4dc25]" started-at="2023-07-12T12:23:56 CEST" name="americanGolf" finished-at="2023-07-12T12:24:45 CEST" duration-ms="48185" status="PASS">
          <reporter-output>
          </reporter-output>
        </test-method> <!-- americanGolf -->
      </class> <!-- Actions.Class.testAmericanGolf -->
    </test> <!-- Default test -->
  </suite> <!-- Default suite -->
</testng-results>
