<?xml version="1.0" encoding="UTF-8"?>
<!-- Generated by org.testng.reporters.JUnitXMLReporter -->
<testsuite ignored="0" hostname="Pratisthasharma" failures="0" tests="4" name="Default test" time="33.0" errors="0" timestamp="2024-08-29T19:02:30 BST">
  <testcase classname="com.SurplusGyTestCases.testclassAll2Run" name="signIn" time="5.068"/>
  <testcase classname="com.SurplusGyTestCases.testclassAll2Run" name="searchItemInSearchBar" time="8.13"/>
  <testcase classname="com.SurplusGyTestCases.testclassAll2Run" name="addToCart" time="6.159"/>
  <testcase classname="com.SurplusGyTestCases.testclassAll2Run" name="addCartIconClick" time="13.504"/>
</testsuite> <!-- Default test -->
