<?xml version="1.0" encoding="UTF-8"?>
<testng-results ignored="0" total="1" passed="1" failed="0" skipped="0">
  <reporter-output>
  </reporter-output>
  <suite started-at="2024-01-29T16:45:38 GST" name="Default suite" finished-at="2024-01-29T16:45:55 GST" duration-ms="17639">
    <groups>
    </groups>
    <test started-at="2024-01-29T16:45:38 GST" name="Default test" finished-at="2024-01-29T16:45:55 GST" duration-ms="17639">
      <class name="com.AutoIt.fileUpload">
        <test-method signature="uploadFile()[pri:0, instance:com.AutoIt.fileUpload@d86a6f]" started-at="2024-01-29T16:45:38 GST" name="uploadFile" finished-at="2024-01-29T16:45:55 GST" duration-ms="17551" status="PASS">
          <reporter-output>
          </reporter-output>
        </test-method> <!-- uploadFile -->
      </class> <!-- com.AutoIt.fileUpload -->
    </test> <!-- Default test -->
  </suite> <!-- Default suite -->
</testng-results>
