<?xml version="1.0" encoding="UTF-8"?>
<testng-results skipped="0" failed="0" ignored="0" total="1" passed="1">
  <reporter-output>
  </reporter-output>
  <suite name="Default suite" duration-ms="11180" started-at="2020-01-12T01:18:08 IST" finished-at="2020-01-12T01:18:19 IST">
    <groups>
    </groups>
    <test name="Default test" duration-ms="11180" started-at="2020-01-12T01:18:08 IST" finished-at="2020-01-12T01:18:19 IST">
      <class name="testngFiles.Annot2">
        <test-method status="PASS" signature="installsoftware()[pri:0, instance:testngFiles.Annot2@5abca1e0]" name="installsoftware" is-config="true" duration-ms="14" started-at="2020-01-12T01:18:08 IST" finished-at="2020-01-12T01:18:08 IST">
          <reporter-output>
          </reporter-output>
        </test-method> <!-- installsoftware -->
        <test-method status="PASS" signature="Login()[pri:0, instance:testngFiles.Annot2@5abca1e0]" name="Login" duration-ms="11122" started-at="2020-01-12T01:18:08 IST" finished-at="2020-01-12T01:18:19 IST">
          <reporter-output>
          </reporter-output>
        </test-method> <!-- Login -->
        <test-method status="PASS" signature="deinstallsoftware()[pri:0, instance:testngFiles.Annot2@5abca1e0]" name="deinstallsoftware" is-config="true" duration-ms="0" started-at="2020-01-12T01:18:19 IST" finished-at="2020-01-12T01:18:19 IST">
          <reporter-output>
          </reporter-output>
        </test-method> <!-- deinstallsoftware -->
      </class> <!-- testngFiles.Annot2 -->
    </test> <!-- Default test -->
  </suite> <!-- Default suite -->
</testng-results>
