<?xml version="1.0" encoding="UTF-8"?>
<!-- Generated by org.testng.reporters.JUnitXMLReporter -->
<testsuite ignored="0" hostname="Prakhar" failures="0" tests="4" name="Test" time="16.856" errors="0" timestamp="2025-02-18T00:53:31 IST">
  <testcase classname="Api.testCases.UserTests" name="testPostUserData" time="7.542"/>
  <testcase classname="Api.testCases.UserTests" name="testGetUserByName" time="1.513"/>
  <testcase classname="Api.testCases.UserTests" name="updateUserByName" time="2.749"/>
  <testcase classname="Api.testCases.UserTests" name="deleteUserByName" time="1.423"/>
</testsuite> <!-- Test -->
