<?xml version="1.0" encoding="UTF-8"?>
<testng-results skipped="0" failed="0" ignored="0" total="1" passed="1">
  <reporter-output>
  </reporter-output>
  <suite name="Default suite" duration-ms="15236" started-at="2021-12-12T21:08:48 IST" finished-at="2021-12-12T21:09:03 IST">
    <groups>
    </groups>
    <test name="Default test" duration-ms="15236" started-at="2021-12-12T21:08:48 IST" finished-at="2021-12-12T21:09:03 IST">
      <class name="EndToEnd.HomePage">
        <test-method status="PASS" signature="HomepageNavigation()[pri:0, instance:EndToEnd.HomePage@3b088d51]" name="HomepageNavigation" duration-ms="15140" started-at="2021-12-12T21:08:48 IST" finished-at="2021-12-12T21:09:03 IST">
          <reporter-output>
          </reporter-output>
        </test-method> <!-- HomepageNavigation -->
      </class> <!-- EndToEnd.HomePage -->
    </test> <!-- Default test -->
  </suite> <!-- Default suite -->
</testng-results>
