<?xml version="1.0" encoding="UTF-8"?>
<testng-results skipped="0" failed="1" ignored="0" total="3" passed="2">
  <reporter-output>
  </reporter-output>
  <suite name="Suite" duration-ms="32101" started-at="2022-01-24T00:17:47 IST" finished-at="2022-01-24T00:18:19 IST">
    <groups>
    </groups>
    <test name="Test1" duration-ms="11298" started-at="2022-01-24T00:17:47 IST" finished-at="2022-01-24T00:17:58 IST">
      <class name="EndToEnd.LoginPage">
        <test-method status="FAIL" signature="LandingPage()[pri:0, instance:EndToEnd.LoginPage@78452606]" name="LandingPage" duration-ms="10180" started-at="2022-01-24T00:17:47 IST" finished-at="2022-01-24T00:17:57 IST">
          <exception class="junit.framework.ComparisonFailure">
            <message>
              <![CDATA[expected:<...11> but was:<...>]]>
            </message>
            <full-stacktrace>
              <![CDATA[junit.framework.ComparisonFailure: expected:<...11> but was:<...>
at junit.framework.Assert.assertEquals(Assert.java:81)
at junit.framework.Assert.assertEquals(Assert.java:87)
at EndToEnd.LoginPage.LandingPage(LoginPage.java:31)
at sun.reflect.NativeMethodAccessorImpl.invoke0(Native Method)
at sun.reflect.NativeMethodAccessorImpl.invoke(NativeMethodAccessorImpl.java:62)
at sun.reflect.DelegatingMethodAccessorImpl.invoke(DelegatingMethodAccessorImpl.java:43)
at java.lang.reflect.Method.invoke(Method.java:498)
at org.testng.internal.MethodInvocationHelper.invokeMethod(MethodInvocationHelper.java:133)
at org.testng.internal.TestInvoker.invokeMethod(TestInvoker.java:598)
at org.testng.internal.TestInvoker.invokeTestMethod(TestInvoker.java:173)
at org.testng.internal.MethodRunner.runInSequence(MethodRunner.java:46)
at org.testng.internal.TestInvoker$MethodInvocationAgent.invoke(TestInvoker.java:824)
at org.testng.internal.TestInvoker.invokeTestMethods(TestInvoker.java:146)
at org.testng.internal.TestMethodWorker.invokeTestMethods(TestMethodWorker.java:146)
at org.testng.internal.TestMethodWorker.run(TestMethodWorker.java:128)
at java.util.ArrayList.forEach(ArrayList.java:1249)
at org.testng.TestRunner.privateRun(TestRunner.java:794)
at org.testng.TestRunner.run(TestRunner.java:596)
at org.testng.SuiteRunner.runTest(SuiteRunner.java:377)
at org.testng.SuiteRunner.access$000(SuiteRunner.java:28)
at org.testng.SuiteRunner$SuiteWorker.run(SuiteRunner.java:418)
at org.testng.internal.thread.ThreadUtil.lambda$execute$0(ThreadUtil.java:64)
at java.util.concurrent.FutureTask.run(FutureTask.java:266)
at java.util.concurrent.ThreadPoolExecutor.runWorker(ThreadPoolExecutor.java:1142)
at java.util.concurrent.ThreadPoolExecutor$Worker.run(ThreadPoolExecutor.java:617)
at java.lang.Thread.run(Thread.java:745)
]]>
            </full-stacktrace>
          </exception> <!-- junit.framework.ComparisonFailure -->
          <reporter-output>
          </reporter-output>
        </test-method> <!-- LandingPage -->
        <test-method status="PASS" signature="closeBrowser()[pri:0, instance:EndToEnd.LoginPage@78452606]" name="closeBrowser" is-config="true" duration-ms="334" started-at="2022-01-24T00:17:57 IST" finished-at="2022-01-24T00:17:58 IST">
          <reporter-output>
          </reporter-output>
        </test-method> <!-- closeBrowser -->
      </class> <!-- EndToEnd.LoginPage -->
    </test> <!-- Test1 -->
    <test name="Test2" duration-ms="32101" started-at="2022-01-24T00:17:47 IST" finished-at="2022-01-24T00:18:19 IST">
      <class name="EndToEnd.HomePage">
        <test-method status="PASS" signature="HomepageNavigation(java.lang.String,java.lang.String)[pri:0, instance:EndToEnd.HomePage@78fa769e]" name="HomepageNavigation" duration-ms="17354" started-at="2022-01-24T00:17:47 IST" data-provider="getData" finished-at="2022-01-24T00:18:04 IST">
          <params>
            <param index="0">
              <value>
                <![CDATA[tester1@gmail.com]]>
              </value>
            </param>
            <param index="1">
              <value>
                <![CDATA[123456]]>
              </value>
            </param>
          </params>
          <reporter-output>
          </reporter-output>
        </test-method> <!-- HomepageNavigation -->
        <test-method status="PASS" signature="HomepageNavigation(java.lang.String,java.lang.String)[pri:0, instance:EndToEnd.HomePage@78fa769e]" name="HomepageNavigation" duration-ms="14698" started-at="2022-01-24T00:18:04 IST" data-provider="getData" finished-at="2022-01-24T00:18:19 IST">
          <params>
            <param index="0">
              <value>
                <![CDATA[tester2@gmail.com]]>
              </value>
            </param>
            <param index="1">
              <value>
                <![CDATA[123456]]>
              </value>
            </param>
          </params>
          <reporter-output>
          </reporter-output>
        </test-method> <!-- HomepageNavigation -->
      </class> <!-- EndToEnd.HomePage -->
    </test> <!-- Test2 -->
  </suite> <!-- Suite -->
</testng-results>
