<?xml version="1.0" encoding="UTF-8"?>
<!-- Generated by org.testng.reporters.JUnitXMLReporter -->
<testsuite ignored="0" hostname="Prakhar" failures="0" tests="9" name="Default test" time="15.165" errors="0" timestamp="2025-02-17T08:51:22 IST">
  <testcase classname="Api.testCases.dataDrivenTests" name="testPostUserData" time="3.836"/>
  <testcase classname="Api.testCases.dataDrivenTests" name="testPostUserData" time="1.132"/>
  <testcase classname="Api.testCases.dataDrivenTests" name="testPostUserData" time="1.157"/>
  <testcase classname="Api.testCases.dataDrivenTests" name="testGetUserByName" time="1.317"/>
  <testcase classname="Api.testCases.dataDrivenTests" name="testGetUserByName" time="1.204"/>
  <testcase classname="Api.testCases.dataDrivenTests" name="testGetUserByName" time="1.207"/>
  <testcase classname="Api.testCases.dataDrivenTests" name="deleteUserByName" time="1.195"/>
  <testcase classname="Api.testCases.dataDrivenTests" name="deleteUserByName" time="1.122"/>
  <testcase classname="Api.testCases.dataDrivenTests" name="deleteUserByName" time="1.102"/>
</testsuite> <!-- Default test -->
