<?xml version="1.0" encoding="UTF-8"?>
<testng-results skipped="0" failed="0" ignored="0" total="0" passed="0">
  <reporter-output>
  </reporter-output>
  <suite name="test.DataDrivenProject.AppTest" duration-ms="22" started-at="2020-03-01T23:31:46 IST" finished-at="2020-03-01T23:31:46 IST">
    <groups>
    </groups>
    <test name="Command line test" duration-ms="22" started-at="2020-03-01T23:31:46 IST" finished-at="2020-03-01T23:31:46 IST">
    </test> <!-- Command line test -->
  </suite> <!-- test.DataDrivenProject.AppTest -->
</testng-results>
