<?xml version="1.0" encoding="UTF-8"?>
<!-- Generated by org.testng.reporters.JUnitXMLReporter -->
<testsuite hostname="DESKTOP-NJ9D9LR" ignored="0" name="Test2" tests="4" failures="1" timestamp="2020-01-06T01:50:58 IST" time="0.035" errors="0">
  <testcase name="failMethod" time="0.005" classname="testpkg.testng3">
    <failure type="java.lang.AssertionError" message="did not expect to find [true] but found [false]">
      <![CDATA[java.lang.AssertionError: did not expect to find [true] but found [false]
at testpkg.testng3.failMethod(testng3.java:19)
at java.util.ArrayList.forEach(ArrayList.java:1257)
... Removed 31 stack frames]]>
    </failure>
  </testcase> <!-- failMethod -->
  <testcase name="mobileSignIn" time="0.002" classname="testpkg.testng3"/>
  <testcase name="mobileSignIn" time="0.001" classname="testpkg.testng3"/>
  <testcase name="mobileSignIn" time="0.003" classname="testpkg.testng3"/>
</testsuite> <!-- Test2 -->
