<?xml version="1.0" encoding="UTF-8"?>
<testng-results skipped="0" failed="0" ignored="0" total="2" passed="2">
  <reporter-output>
  </reporter-output>
  <suite name="Suite" duration-ms="102497" started-at="2022-05-19T01:30:20 IST" finished-at="2022-05-19T01:32:02 IST">
    <groups>
    </groups>
    <test name="Test" duration-ms="102497" started-at="2022-05-19T01:30:20 IST" finished-at="2022-05-19T01:32:02 IST">
      <class name="Automation.EPR.addNewPatient">
        <test-method status="PASS" signature="addPatient()[pri:2, instance:Automation.EPR.addNewPatient@3b2da18f]" name="addPatient" duration-ms="30767" started-at="2022-05-19T01:31:31 IST" finished-at="2022-05-19T01:32:02 IST">
          <reporter-output>
          </reporter-output>
        </test-method> <!-- addPatient -->
      </class> <!-- Automation.EPR.addNewPatient -->
      <class name="Automation.EPR.login">
        <test-method status="PASS" signature="initialize()[pri:0, instance:Automation.EPR.login@3ee0fea4]" name="initialize" is-config="true" duration-ms="4834" started-at="2022-05-19T01:30:20 IST" finished-at="2022-05-19T01:30:24 IST">
          <reporter-output>
          </reporter-output>
        </test-method> <!-- initialize -->
        <test-method status="PASS" signature="loginEPR()[pri:1, instance:Automation.EPR.login@3ee0fea4]" name="loginEPR" duration-ms="66348" started-at="2022-05-19T01:30:24 IST" finished-at="2022-05-19T01:31:31 IST">
          <reporter-output>
          </reporter-output>
        </test-method> <!-- loginEPR -->
        <test-method status="PASS" signature="afterTest()[pri:0, instance:Automation.EPR.login@3ee0fea4]" name="afterTest" is-config="true" duration-ms="497" started-at="2022-05-19T01:32:02 IST" finished-at="2022-05-19T01:32:02 IST">
          <reporter-output>
          </reporter-output>
        </test-method> <!-- afterTest -->
      </class> <!-- Automation.EPR.login -->
    </test> <!-- Test -->
  </suite> <!-- Suite -->
</testng-results>
