<?xml version="1.0" encoding="UTF-8"?>
<testng-results ignored="0" total="1" passed="1" failed="0" skipped="0">
  <reporter-output>
  </reporter-output>
  <suite started-at="2022-04-21T18:35:56 IST" name="Default suite" finished-at="2022-04-21T18:37:10 IST" duration-ms="74216">
    <groups>
    </groups>
    <test started-at="2022-04-21T18:35:56 IST" name="Default test" finished-at="2022-04-21T18:37:10 IST" duration-ms="74216">
      <class name="Automation.EPR.login">
        <test-method is-config="true" signature="initialize()[pri:0, instance:Automation.EPR.login@5e21e98f]" started-at="2022-04-21T18:35:56 IST" name="initialize" finished-at="2022-04-21T18:36:02 IST" duration-ms="6166" status="PASS">
          <reporter-output>
          </reporter-output>
        </test-method> <!-- initialize -->
        <test-method signature="loginEPR()[pri:0, instance:Automation.EPR.login@5e21e98f]" started-at="2022-04-21T18:36:02 IST" name="loginEPR" finished-at="2022-04-21T18:37:10 IST" duration-ms="67991" status="PASS">
          <reporter-output>
          </reporter-output>
        </test-method> <!-- loginEPR -->
      </class> <!-- Automation.EPR.login -->
    </test> <!-- Default test -->
  </suite> <!-- Default suite -->
</testng-results>
