<?xml version="1.0" encoding="UTF-8"?>
<testng-results skipped="0" failed="0" ignored="0" total="1" passed="1">
  <reporter-output>
  </reporter-output>
  <suite name="Default suite" duration-ms="5205" started-at="2021-11-08T00:07:36 IST" finished-at="2021-11-08T00:07:41 IST">
    <groups>
    </groups>
    <test name="Default test" duration-ms="5205" started-at="2021-11-08T00:07:36 IST" finished-at="2021-11-08T00:07:41 IST">
      <class name="Stream.Stream1">
        <test-method status="PASS" signature="browser()[pri:0, instance:Stream.Stream1@eec5a4a]" name="browser" is-config="true" duration-ms="4094" started-at="2021-11-08T00:07:36 IST" finished-at="2021-11-08T00:07:40 IST">
          <reporter-output>
          </reporter-output>
        </test-method> <!-- browser -->
        <test-method status="PASS" signature="stream()[pri:0, instance:Stream.Stream1@eec5a4a]" name="stream" duration-ms="1014" started-at="2021-11-08T00:07:40 IST" finished-at="2021-11-08T00:07:41 IST">
          <reporter-output>
          </reporter-output>
        </test-method> <!-- stream -->
      </class> <!-- Stream.Stream1 -->
    </test> <!-- Default test -->
  </suite> <!-- Default suite -->
</testng-results>
